
> theautodoctor@0.1.0 build C:\Users\Faiz Hashmi\theautodoctor
> next build

  ▲ Next.js 14.2.33
  - Environments: .env.local, .env.production
  - Experiments (use with caution):
    · turbo

   Creating an optimized production build ...
Failed to compile.

./src/app/admin/(shell)/sessions/SessionsTable.tsx
Error: 
  [31mx[0m Unexpected token `div`. Expected jsx identifier
     ,-[[36;1;4mC:\Users\Faiz Hashmi\theautodoctor\src\app\admin\(shell)\sessions\SessionsTable.tsx[0m:134:1]
 [2m134[0m |   }
 [2m135[0m | 
 [2m136[0m |   return (
 [2m137[0m |     <div>
     : [31;1m     ^^^[0m
 [2m138[0m |       {/* Mobile scroll hint */}
 [2m139[0m |       <div className="lg:hidden px-4 py-2 bg-slate-100 border-b border-slate-200 text-xs text-slate-600 text-center">
 [2m139[0m |         Scroll horizontally to see all columns
     `----

Caused by:
    Syntax Error

Import trace for requested module:
./src/app/admin/(shell)/sessions/SessionsTable.tsx
./src/app/admin/(shell)/sessions/AdminSessionsClient.tsx


> Build failed because of webpack errors
 ELIFECYCLE  Command failed with exit code 1.
